#0 building with "default" instance using docker driver

#1 [internal] load build definition from Dockerfile
#1 transferring dockerfile: 554B done
#1 DONE 0.0s

#2 [internal] load metadata for docker.io/library/nginx:alpine
#2 ...

#3 [internal] load metadata for ghcr.io/gohugoio/hugo:latest
#3 DONE 0.2s

#2 [internal] load metadata for docker.io/library/nginx:alpine
#2 DONE 0.3s

#4 [internal] load .dockerignore
#4 transferring context: 2B done
#4 DONE 0.0s

#5 [builder 1/4] FROM ghcr.io/gohugoio/hugo:latest@sha256:4f8ddf38071c3c1c532b88712a2871d73a330be2cbc17e320f7c3a2dd0fb271a
#5 DONE 0.0s

#6 [builder 2/4] WORKDIR /site
#6 CACHED

#7 [stage-1 1/2] FROM docker.io/library/nginx:alpine@sha256:b2e814d28359e77bd0aa5fed1939620075e4ffa0eb20423cc557b375bd5c14ad
#7 CACHED

#8 [internal] load build context
#8 transferring context: 1.31kB done
#8 DONE 0.0s

#9 [builder 3/4] COPY . .
#9 DONE 2.7s

#10 [builder 4/4] RUN rm -f .hugo_build.lock &&     sed 's/enableGitInfo = true/enableGitInfo = false/' config.toml > config-docker.toml &&     hugo --minify --config config-docker.toml
#10 3.738 Start building sites … 
#10 3.738 hugo v0.147.9+extended+withdeploy linux/amd64 BuildDate=unknown VendorInfo=docker
#10 3.738 
#10 3.785 WARN  found no layout file for "html" for kind "home": You should create a template file which matches Hugo Layouts Lookup Rules for this combination.
#10 3.785 WARN  found no layout file for "html" for kind "page": You should create a template file which matches Hugo Layouts Lookup Rules for this combination.
#10 3.785 WARN  found no layout file for "html" for kind "taxonomy": You should create a template file which matches Hugo Layouts Lookup Rules for this combination.
#10 3.785 WARN  found no layout file for "html" for kind "term": You should create a template file which matches Hugo Layouts Lookup Rules for this combination.
#10 3.785 WARN  found no layout file for "html" for kind "section": You should create a template file which matches Hugo Layouts Lookup Rules for this combination.
#10 3.970 
#10 3.971                   │ EN 
#10 3.972 ──────────────────┼────
#10 3.972  Pages            │  9 
#10 3.972  Paginator pages  │  0 
#10 3.972  Non-page files   │  1 
#10 3.972  Static files     │  1 
#10 3.972  Processed images │  1 
#10 3.972  Aliases          │  0 
#10 3.972  Cleaned          │  0 
#10 3.972 
#10 3.972 Total in 240 ms
#10 DONE 4.0s

#11 [stage-1 2/2] COPY --from=builder /site/public /usr/share/nginx/html
#11 DONE 0.3s

#12 exporting to image
#12 exporting layers 0.1s done
#12 writing image sha256:28f3b0efd6926d5753fd2e41adaac645b39c8ce56a30baef33f770e0c5faeb59 done
#12 naming to docker.io/library/blog-test-debug done
#12 DONE 0.2s
